<?xml version="1.0" encoding="UTF-8"?>
<!-- Generated by org.testng.reporters.JUnitReportReporter -->
<testsuite hostname="ROOPA" failures="0" tests="1" name="com.gitpractice.git.TestAnnotation" time="0.174" errors="0" timestamp="01 Jun 2022 07:31:53 GMT" skipped="0">
  <testcase classname="com.gitpractice.git.TestAnnotation" name="testcase" time="0.174"/>
</testsuite> <!-- com.gitpractice.git.TestAnnotation -->
